0 verbose cli /Users/sangjaeseo/.nvm/versions/node/v20.20.1/bin/node /Users/sangjaeseo/.nvm/versions/node/v20.20.1/lib/node_modules/npm/bin/npm-cli.js
1 info using npm@10.8.2
2 info using node@v20.20.1
3 silly config load:file:/Users/sangjaeseo/.nvm/versions/node/v20.20.1/lib/node_modules/npm/npmrc
4 silly config load:file:/Users/sangjaeseo/BlueforgeProjects/기업정보/.npmrc
5 silly config load:file:/Users/sangjaeseo/.npmrc
6 silly config load:file:/Users/sangjaeseo/.nvm/versions/node/v20.20.1/etc/npmrc
7 verbose title npm exec typescript-language-server --stdio
8 verbose argv "exec" "--" "typescript-language-server" "--stdio"
9 verbose logfile logs-max:10 dir:/Users/sangjaeseo/BlueforgeProjects/기업정보/.npm-cache/_logs/2026-03-27T12_28_18_089Z-
10 verbose logfile /Users/sangjaeseo/BlueforgeProjects/기업정보/.npm-cache/_logs/2026-03-27T12_28_18_089Z-debug-0.log
11 silly logfile start cleaning logs, removing 1 files
12 silly logfile done cleaning log files
13 silly packumentCache heap:4345298944 maxSize:1086324736 maxEntrySize:543162368
14 http fetch GET 200 https://registry.npmjs.org/typescript-language-server 323ms (cache miss)
15 silly packumentCache heap:4345298944 maxSize:1086324736 maxEntrySize:543162368
16 silly packumentCache heap:4345298944 maxSize:1086324736 maxEntrySize:543162368
17 warn exec The following package was not found and will be installed: typescript-language-server@5.1.3
18 silly idealTree buildDeps
19 silly fetch manifest typescript-language-server@5.1.3
20 silly packumentCache full:https://registry.npmjs.org/typescript-language-server cache-miss
21 http fetch GET 200 https://registry.npmjs.org/typescript-language-server 55ms (cache miss)
22 silly packumentCache full:https://registry.npmjs.org/typescript-language-server set size:undefined disposed:false
23 silly placeDep ROOT typescript-language-server@5.1.3 OK for:  want: 5.1.3
24 silly reify moves {}
25 silly audit bulk request { 'typescript-language-server': [ '5.1.3' ] }
26 silly tarball no local data for typescript-language-server@https://registry.npmjs.org/typescript-language-server/-/typescript-language-server-5.1.3.tgz. Extracting by manifest.
27 http fetch GET 200 https://registry.npmjs.org/typescript-language-server/-/typescript-language-server-5.1.3.tgz 139ms (cache miss)
28 http fetch POST 200 https://registry.npmjs.org/-/npm/v1/security/advisories/bulk 168ms
29 silly audit report {}
30 verbose cwd /Users/sangjaeseo/BlueforgeProjects/기업정보
31 verbose os Darwin 25.3.0
32 verbose node v20.20.1
33 verbose npm  v10.8.2
34 verbose exit 1
35 verbose code 1
