0 verbose cli /usr/local/bin/node /usr/local/bin/npm
1 info using npm@9.6.5
2 info using node@v18.16.0
3 timing npm:load:whichnode Completed in 0ms
4 timing config:load:defaults Completed in 0ms
5 timing config:load:file:/usr/local/lib/node_modules/npm/npmrc Completed in 0ms
6 timing config:load:builtin Completed in 0ms
7 timing config:load:cli Completed in 1ms
8 timing config:load:env Completed in 0ms
9 timing config:load:file:/Users/sangjaeseo/BlueforgeProjects/기업정보/.npmrc Completed in 0ms
10 timing config:load:project Completed in 1ms
11 timing config:load:file:/Users/sangjaeseo/.npmrc Completed in 0ms
12 timing config:load:user Completed in 0ms
13 timing config:load:file:/usr/local/etc/npmrc Completed in 0ms
14 timing config:load:global Completed in 0ms
15 timing config:load:setEnvs Completed in 1ms
16 timing config:load Completed in 3ms
17 timing npm:load:configload Completed in 3ms
18 timing npm:load:mkdirpcache Completed in 0ms
19 timing npm:load:mkdirplogs Completed in 0ms
20 verbose title npm install react-router-dom
21 verbose argv "install" "react-router-dom"
22 timing npm:load:setTitle Completed in 5ms
23 timing config:load:flatten Completed in 1ms
24 timing npm:load:display Completed in 2ms
25 verbose logfile logs-max:10 dir:/Users/sangjaeseo/BlueforgeProjects/기업정보/.npm-cache/_logs/2026-03-29T02_02_19_876Z-
26 verbose logfile /Users/sangjaeseo/BlueforgeProjects/기업정보/.npm-cache/_logs/2026-03-29T02_02_19_876Z-debug-0.log
27 timing npm:load:logFile Completed in 2ms
28 timing npm:load:timers Completed in 1ms
29 timing npm:load:configScope Completed in 0ms
30 timing npm:load Completed in 14ms
31 timing arborist:ctor Completed in 0ms
32 silly logfile start cleaning logs, removing 1 files
33 timing idealTree:init Completed in 57ms
34 timing idealTree:userRequests Completed in 1ms
35 silly idealTree buildDeps
36 silly fetch manifest react-router-dom@^6.20.1
37 silly logfile done cleaning log files
38 timing arborist:ctor Completed in 0ms
39 http fetch GET 200 https://registry.npmjs.org/react-router-dom 122ms (cache updated)
40 silly fetch manifest react@^18.2.0
41 http fetch GET 200 https://registry.npmjs.org/react 161ms (cache updated)
42 silly fetch manifest react-dom@^18.2.0
43 http fetch GET 200 https://registry.npmjs.org/react-dom 98ms (cache updated)
44 silly placeDep ROOT react-router-dom@6.30.3 REPLACE for: unlisted-stocks-platform@0.0.0 want: ^6.20.1
45 timing idealTree:#root Completed in 419ms
46 timing idealTree:node_modules/react-router-dom Completed in 0ms
47 timing idealTree:buildDeps Completed in 420ms
48 timing idealTree:fixDepFlags Completed in 1ms
49 warn EBADENGINE Unsupported engine {
49 warn EBADENGINE   package: '@supabase/auth-js@2.100.0',
49 warn EBADENGINE   required: { node: '>=20.0.0' },
49 warn EBADENGINE   current: { node: 'v18.16.0', npm: '9.6.5' }
49 warn EBADENGINE }
50 warn EBADENGINE Unsupported engine {
50 warn EBADENGINE   package: '@supabase/functions-js@2.100.0',
50 warn EBADENGINE   required: { node: '>=20.0.0' },
50 warn EBADENGINE   current: { node: 'v18.16.0', npm: '9.6.5' }
50 warn EBADENGINE }
51 warn EBADENGINE Unsupported engine {
51 warn EBADENGINE   package: '@supabase/postgrest-js@2.100.0',
51 warn EBADENGINE   required: { node: '>=20.0.0' },
51 warn EBADENGINE   current: { node: 'v18.16.0', npm: '9.6.5' }
51 warn EBADENGINE }
52 warn EBADENGINE Unsupported engine {
52 warn EBADENGINE   package: '@supabase/realtime-js@2.100.0',
52 warn EBADENGINE   required: { node: '>=20.0.0' },
52 warn EBADENGINE   current: { node: 'v18.16.0', npm: '9.6.5' }
52 warn EBADENGINE }
53 warn EBADENGINE Unsupported engine {
53 warn EBADENGINE   package: '@supabase/storage-js@2.100.0',
53 warn EBADENGINE   required: { node: '>=20.0.0' },
53 warn EBADENGINE   current: { node: 'v18.16.0', npm: '9.6.5' }
53 warn EBADENGINE }
54 warn EBADENGINE Unsupported engine {
54 warn EBADENGINE   package: '@supabase/supabase-js@2.100.0',
54 warn EBADENGINE   required: { node: '>=20.0.0' },
54 warn EBADENGINE   current: { node: 'v18.16.0', npm: '9.6.5' }
54 warn EBADENGINE }
55 warn EBADENGINE Unsupported engine {
55 warn EBADENGINE   package: 'iceberg-js@0.8.1',
55 warn EBADENGINE   required: { node: '>=20.0.0' },
55 warn EBADENGINE   current: { node: 'v18.16.0', npm: '9.6.5' }
55 warn EBADENGINE }
56 warn EBADENGINE Unsupported engine {
56 warn EBADENGINE   package: 'lru-cache@11.2.7',
56 warn EBADENGINE   required: { node: '20 || >=22' },
56 warn EBADENGINE   current: { node: 'v18.16.0', npm: '9.6.5' }
56 warn EBADENGINE }
57 timing idealTree Completed in 485ms
58 timing reify:loadTrees Completed in 485ms
59 timing reify:diffTrees Completed in 4ms
60 silly reify moves {}
61 timing reify:retireShallow Completed in 0ms
62 timing reify:createSparse Completed in 2ms
63 timing reify:loadBundles Completed in 0ms
64 silly audit bulk request {
64 silly audit   '@alloc/quick-lru': [ '5.2.0' ],
64 silly audit   '@babel/code-frame': [ '7.29.0' ],
64 silly audit   '@babel/compat-data': [ '7.29.0' ],
64 silly audit   '@babel/core': [ '7.29.0' ],
64 silly audit   semver: [ '6.3.1', '7.7.4' ],
64 silly audit   '@babel/generator': [ '7.29.1' ],
64 silly audit   '@babel/helper-compilation-targets': [ '7.28.6' ],
64 silly audit   '@babel/helper-globals': [ '7.28.0' ],
64 silly audit   '@babel/helper-module-imports': [ '7.28.6' ],
64 silly audit   '@babel/helper-module-transforms': [ '7.28.6' ],
64 silly audit   '@babel/helper-plugin-utils': [ '7.28.6' ],
64 silly audit   '@babel/helper-string-parser': [ '7.27.1' ],
64 silly audit   '@babel/helper-validator-identifier': [ '7.28.5' ],
64 silly audit   '@babel/helper-validator-option': [ '7.27.1' ],
64 silly audit   '@babel/helpers': [ '7.29.2' ],
64 silly audit   '@babel/parser': [ '7.29.2' ],
64 silly audit   '@babel/plugin-transform-react-jsx-self': [ '7.27.1' ],
64 silly audit   '@babel/plugin-transform-react-jsx-source': [ '7.27.1' ],
64 silly audit   '@babel/runtime': [ '7.29.2' ],
64 silly audit   '@babel/template': [ '7.28.6' ],
64 silly audit   '@babel/traverse': [ '7.29.0' ],
64 silly audit   '@babel/types': [ '7.29.0' ],
64 silly audit   '@esbuild/aix-ppc64': [ '0.21.5' ],
64 silly audit   '@esbuild/android-arm': [ '0.21.5' ],
64 silly audit   '@esbuild/android-arm64': [ '0.21.5' ],
64 silly audit   '@esbuild/android-x64': [ '0.21.5' ],
64 silly audit   '@esbuild/darwin-arm64': [ '0.21.5' ],
64 silly audit   '@esbuild/darwin-x64': [ '0.21.5' ],
64 silly audit   '@esbuild/freebsd-arm64': [ '0.21.5' ],
64 silly audit   '@esbuild/freebsd-x64': [ '0.21.5' ],
64 silly audit   '@esbuild/linux-arm': [ '0.21.5' ],
64 silly audit   '@esbuild/linux-arm64': [ '0.21.5' ],
64 silly audit   '@esbuild/linux-ia32': [ '0.21.5' ],
64 silly audit   '@esbuild/linux-loong64': [ '0.21.5' ],
64 silly audit   '@esbuild/linux-mips64el': [ '0.21.5' ],
64 silly audit   '@esbuild/linux-ppc64': [ '0.21.5' ],
64 silly audit   '@esbuild/linux-riscv64': [ '0.21.5' ],
64 silly audit   '@esbuild/linux-s390x': [ '0.21.5' ],
64 silly audit   '@esbuild/linux-x64': [ '0.21.5' ],
64 silly audit   '@esbuild/netbsd-x64': [ '0.21.5' ],
64 silly audit   '@esbuild/openbsd-x64': [ '0.21.5' ],
64 silly audit   '@esbuild/sunos-x64': [ '0.21.5' ],
64 silly audit   '@esbuild/win32-arm64': [ '0.21.5' ],
64 silly audit   '@esbuild/win32-ia32': [ '0.21.5' ],
64 silly audit   '@esbuild/win32-x64': [ '0.21.5' ],
64 silly audit   '@eslint-community/eslint-utils': [ '4.9.1' ],
64 silly audit   '@eslint-community/regexpp': [ '4.12.2' ],
64 silly audit   '@eslint/eslintrc': [ '2.1.4' ],
64 silly audit   'brace-expansion': [ '1.1.12', '2.0.2', '5.0.5' ],
64 silly audit   minimatch: [ '3.1.5', '10.2.4', '9.0.3' ],
64 silly audit   '@eslint/js': [ '8.57.1' ],
64 silly audit   '@humanwhocodes/config-array': [ '0.13.0' ],
64 silly audit   '@humanwhocodes/module-importer': [ '1.0.1' ],
64 silly audit   '@humanwhocodes/object-schema': [ '2.0.3' ],
64 silly audit   '@jridgewell/gen-mapping': [ '0.3.13' ],
64 silly audit   '@jridgewell/remapping': [ '2.3.5' ],
64 silly audit   '@jridgewell/resolve-uri': [ '3.1.2' ],
64 silly audit   '@jridgewell/sourcemap-codec': [ '1.5.5' ],
64 silly audit   '@jridgewell/trace-mapping': [ '0.3.31' ],
64 silly audit   '@nodelib/fs.scandir': [ '2.1.5' ],
64 silly audit   '@nodelib/fs.stat': [ '2.0.5' ],
64 silly audit   '@nodelib/fs.walk': [ '1.2.8' ],
64 silly audit   '@remix-run/router': [ '1.23.2' ],
64 silly audit   '@rolldown/pluginutils': [ '1.0.0-beta.27' ],
64 silly audit   '@rollup/rollup-android-arm-eabi': [ '4.60.0' ],
64 silly audit   '@rollup/rollup-android-arm64': [ '4.60.0' ],
64 silly audit   '@rollup/rollup-darwin-arm64': [ '4.60.0' ],
64 silly audit   '@rollup/rollup-darwin-x64': [ '4.60.0' ],
64 silly audit   '@rollup/rollup-freebsd-arm64': [ '4.60.0' ],
64 silly audit   '@rollup/rollup-freebsd-x64': [ '4.60.0' ],
64 silly audit   '@rollup/rollup-linux-arm-gnueabihf': [ '4.60.0' ],
64 silly audit   '@rollup/rollup-linux-arm-musleabihf': [ '4.60.0' ],
64 silly audit   '@rollup/rollup-linux-arm64-gnu': [ '4.60.0' ],
64 silly audit   '@rollup/rollup-linux-arm64-musl': [ '4.60.0' ],
64 silly audit   '@rollup/rollup-linux-loong64-gnu': [ '4.60.0' ],
64 silly audit   '@rollup/rollup-linux-loong64-musl': [ '4.60.0' ],
64 silly audit   '@rollup/rollup-linux-ppc64-gnu': [ '4.60.0' ],
64 silly audit   '@rollup/rollup-linux-ppc64-musl': [ '4.60.0' ],
64 silly audit   '@rollup/rollup-linux-riscv64-gnu': [ '4.60.0' ],
64 silly audit   '@rollup/rollup-linux-riscv64-musl': [ '4.60.0' ],
64 silly audit   '@rollup/rollup-linux-s390x-gnu': [ '4.60.0' ],
64 silly audit   '@rollup/rollup-linux-x64-gnu': [ '4.60.0' ],
64 silly audit   '@rollup/rollup-linux-x64-musl': [ '4.60.0' ],
64 silly audit   '@rollup/rollup-openbsd-x64': [ '4.60.0' ],
64 silly audit   '@rollup/rollup-openharmony-arm64': [ '4.60.0' ],
64 silly audit   '@rollup/rollup-win32-arm64-msvc': [ '4.60.0' ],
64 silly audit   '@rollup/rollup-win32-ia32-msvc': [ '4.60.0' ],
64 silly audit   '@rollup/rollup-win32-x64-gnu': [ '4.60.0' ],
64 silly audit   '@rollup/rollup-win32-x64-msvc': [ '4.60.0' ],
64 silly audit   '@supabase/auth-js': [ '2.100.0' ],
64 silly audit   '@supabase/functions-js': [ '2.100.0' ],
64 silly audit   '@supabase/phoenix': [ '0.4.0' ],
64 silly audit   '@supabase/postgrest-js': [ '2.100.0' ],
64 silly audit   '@supabase/realtime-js': [ '2.100.0' ],
64 silly audit   '@supabase/storage-js': [ '2.100.0' ],
64 silly audit   '@supabase/supabase-js': [ '2.100.0' ],
64 silly audit   '@types/babel__core': [ '7.20.5' ],
64 silly audit   '@types/babel__generator': [ '7.27.0' ],
64 silly audit   '@types/babel__template': [ '7.4.4' ],
64 silly audit   '@types/babel__traverse': [ '7.28.0' ],
64 silly audit   '@types/d3-array': [ '3.2.2' ],
64 silly audit   '@types/d3-color': [ '3.1.3' ],
64 silly audit   '@types/d3-ease': [ '3.0.2' ],
64 silly audit   '@types/d3-interpolate': [ '3.0.4' ],
64 silly audit   '@types/d3-path': [ '3.1.1' ],
64 silly audit   '@types/d3-scale': [ '4.0.9' ],
64 silly audit   '@types/d3-shape': [ '3.1.8' ],
64 silly audit   '@types/d3-time': [ '3.0.4' ],
64 silly audit   '@types/d3-timer': [ '3.0.2' ],
64 silly audit   '@types/estree': [ '1.0.8' ],
64 silly audit   '@types/glob': [ '9.0.0' ],
64 silly audit   '@types/json-schema': [ '7.0.15' ],
64 silly audit   '@types/node': [ '25.5.0' ],
64 silly audit   '@types/prop-types': [ '15.7.15' ],
64 silly audit   '@types/react': [ '18.3.28' ],
64 silly audit   '@types/react-dom': [ '18.3.7' ],
64 silly audit   '@types/semver': [ '7.7.1' ],
64 silly audit   '@types/ws': [ '8.18.1' ],
64 silly audit   '@typescript-eslint/eslint-plugin': [ '6.21.0' ],
64 silly audit   '@typescript-eslint/parser': [ '6.21.0' ],
64 silly audit   '@typescript-eslint/scope-manager': [ '6.21.0' ],
64 silly audit   '@typescript-eslint/type-utils': [ '6.21.0' ],
64 silly audit   '@typescript-eslint/types': [ '6.21.0' ],
64 silly audit   '@typescript-eslint/typescript-estree': [ '6.21.0' ],
64 silly audit   '@typescript-eslint/utils': [ '6.21.0' ],
64 silly audit   '@typescript-eslint/visitor-keys': [ '6.21.0' ],
64 silly audit   '@ungap/structured-clone': [ '1.3.0' ],
64 silly audit   '@vitejs/plugin-react': [ '4.7.0' ],
64 silly audit   acorn: [ '8.16.0' ],
64 silly audit   'acorn-jsx': [ '5.3.2' ],
64 silly audit   ajv: [ '6.14.0' ],
64 silly audit   'ansi-regex': [ '5.0.1' ],
64 silly audit   'ansi-styles': [ '4.3.0' ],
64 silly audit   'any-promise': [ '1.3.0' ],
64 silly audit   anymatch: [ '3.1.3' ],
64 silly audit   arg: [ '5.0.2' ],
64 silly audit   argparse: [ '2.0.1' ],
64 silly audit   'array-union': [ '2.1.0' ],
64 silly audit   autoprefixer: [ '10.4.27' ],
64 silly audit   'balanced-match': [ '1.0.2', '4.0.4' ],
64 silly audit   'baseline-browser-mapping': [ '2.10.10' ],
64 silly audit   'binary-extensions': [ '2.3.0' ],
64 silly audit   braces: [ '3.0.3' ],
64 silly audit   browserslist: [ '4.28.1' ],
64 silly audit   callsites: [ '3.1.0' ],
64 silly audit   'camelcase-css': [ '2.0.1' ],
64 silly audit   'caniuse-lite': [ '1.0.30001781' ],
64 silly audit   chalk: [ '4.1.2' ],
64 silly audit   chokidar: [ '3.6.0' ],
64 silly audit   'glob-parent': [ '5.1.2', '6.0.2' ],
64 silly audit   'class-variance-authority': [ '0.7.1' ],
64 silly audit   clsx: [ '2.1.1' ],
64 silly audit   'color-convert': [ '2.0.1' ],
64 silly audit   'color-name': [ '1.1.4' ],
64 silly audit   commander: [ '4.1.1' ],
64 silly audit   'concat-map': [ '0.0.1' ],
64 silly audit   'convert-source-map': [ '2.0.0' ],
64 silly audit   'cross-spawn': [ '7.0.6' ],
64 silly audit   cssesc: [ '3.0.0' ],
64 silly audit   csstype: [ '3.2.3' ],
64 silly audit   'd3-array': [ '3.2.4' ],
64 silly audit   'd3-color': [ '3.1.0' ],
64 silly audit   'd3-ease': [ '3.0.1' ],
64 silly audit   'd3-format': [ '3.1.2' ],
64 silly audit   'd3-interpolate': [ '3.0.1' ],
64 silly audit   'd3-path': [ '3.1.0' ],
64 silly audit   'd3-scale': [ '4.0.2' ],
64 silly audit   'd3-shape': [ '3.2.0' ],
64 silly audit   'd3-time': [ '3.1.0' ],
64 silly audit   'd3-time-format': [ '4.1.0' ],
64 silly audit   'd3-timer': [ '3.0.1' ],
64 silly audit   'date-fns': [ '2.30.0' ],
64 silly audit   debug: [ '4.4.3' ],
64 silly audit   'decimal.js-light': [ '2.5.1' ],
64 silly audit   'deep-is': [ '0.1.4' ],
64 silly audit   didyoumean: [ '1.2.2' ],
64 silly audit   'dir-glob': [ '3.0.1' ],
64 silly audit   dlv: [ '1.1.3' ],
64 silly audit   doctrine: [ '3.0.0' ],
64 silly audit   'dom-helpers': [ '5.2.1' ],
64 silly audit   'electron-to-chromium': [ '1.5.322' ],
64 silly audit   esbuild: [ '0.21.5' ],
64 silly audit   escalade: [ '3.2.0' ],
64 silly audit   'escape-string-regexp': [ '4.0.0' ],
64 silly audit   eslint: [ '8.57.1' ],
64 silly audit   'eslint-plugin-react-hooks': [ '4.6.2' ],
64 silly audit   'eslint-plugin-react-refresh': [ '0.4.26' ],
64 silly audit   'eslint-scope': [ '7.2.2' ],
64 silly audit   'eslint-visitor-keys': [ '3.4.3' ],
64 silly audit   espree: [ '9.6.1' ],
64 silly audit   esquery: [ '1.7.0' ],
64 silly audit   esrecurse: [ '4.3.0' ],
64 silly audit   estraverse: [ '5.3.0' ],
64 silly audit   esutils: [ '2.0.3' ],
64 silly audit   eventemitter3: [ '4.0.7' ],
64 silly audit   'fast-deep-equal': [ '3.1.3' ],
64 silly audit   'fast-equals': [ '5.4.0' ],
64 silly audit   'fast-glob': [ '3.3.3' ],
64 silly audit   'fast-json-stable-stringify': [ '2.1.0' ],
64 silly audit   'fast-levenshtein': [ '2.0.6' ],
64 silly audit   fastq: [ '1.20.1' ],
64 silly audit   'file-entry-cache': [ '6.0.1' ],
64 silly audit   'fill-range': [ '7.1.1' ],
64 silly audit   'find-up': [ '5.0.0' ],
64 silly audit   'flat-cache': [ '3.2.0' ],
64 silly audit   flatted: [ '3.4.2' ],
64 silly audit   'fraction.js': [ '5.3.4' ],
64 silly audit   'fs.realpath': [ '1.0.0' ],
64 silly audit   fsevents: [ '2.3.3' ],
64 silly audit   'function-bind': [ '1.1.2' ],
64 silly audit   gensync: [ '1.0.0-beta.2' ],
64 silly audit   glob: [ '13.0.6', '7.2.3' ],
64 silly audit   globals: [ '13.24.0' ],
64 silly audit   globby: [ '11.1.0' ],
64 silly audit   graphemer: [ '1.4.0' ],
64 silly audit   'has-flag': [ '4.0.0' ],
64 silly audit   hasown: [ '2.0.2' ],
64 silly audit   'iceberg-js': [ '0.8.1' ],
64 silly audit   ignore: [ '5.3.2' ],
64 silly audit   'import-fresh': [ '3.3.1' ],
64 silly audit   imurmurhash: [ '0.1.4' ],
64 silly audit   inflight: [ '1.0.6' ],
64 silly audit   inherits: [ '2.0.4' ],
64 silly audit   internmap: [ '2.0.3' ],
64 silly audit   'is-binary-path': [ '2.1.0' ],
64 silly audit   'is-core-module': [ '2.16.1' ],
64 silly audit   'is-extglob': [ '2.1.1' ],
64 silly audit   'is-glob': [ '4.0.3' ],
64 silly audit   'is-number': [ '7.0.0' ],
64 silly audit   'is-path-inside': [ '3.0.3' ],
64 silly audit   isexe: [ '2.0.0' ],
64 silly audit   jiti: [ '1.21.7' ],
64 silly audit   'js-tokens': [ '4.0.0' ],
64 silly audit   'js-yaml': [ '4.1.1' ],
64 silly audit   jsesc: [ '3.1.0' ],
64 silly audit   'json-buffer': [ '3.0.1' ],
64 silly audit   'json-schema-traverse': [ '0.4.1' ],
64 silly audit   'json-stable-stringify-without-jsonify': [ '1.0.1' ],
64 silly audit   json5: [ '2.2.3' ],
64 silly audit   keyv: [ '4.5.4' ],
64 silly audit   levn: [ '0.4.1' ],
64 silly audit   lilconfig: [ '3.1.3' ],
64 silly audit   'lines-and-columns': [ '1.2.4' ],
64 silly audit   'locate-path': [ '6.0.0' ],
64 silly audit   lodash: [ '4.17.23' ],
64 silly audit   'lodash.merge': [ '4.6.2' ],
64 silly audit   'loose-envify': [ '1.4.0' ],
64 silly audit   'lru-cache': [ '5.1.1', '11.2.7' ],
64 silly audit   'lucide-react': [ '0.309.0' ],
64 silly audit   merge2: [ '1.4.1' ],
64 silly audit   micromatch: [ '4.0.8' ],
64 silly audit   minipass: [ '7.1.3' ],
64 silly audit   ms: [ '2.1.3' ],
64 silly audit   mz: [ '2.7.0' ],
64 silly audit   nanoid: [ '3.3.11' ],
64 silly audit   'natural-compare': [ '1.4.0' ],
64 silly audit   'next-themes': [ '0.4.6' ],
64 silly audit   'node-releases': [ '2.0.36' ],
64 silly audit   'normalize-path': [ '3.0.0' ],
64 silly audit   'object-assign': [ '4.1.1' ],
64 silly audit   'object-hash': [ '3.0.0' ],
64 silly audit   once: [ '1.4.0' ],
64 silly audit   optionator: [ '0.9.4' ],
64 silly audit   'p-limit': [ '3.1.0' ],
64 silly audit   'p-locate': [ '5.0.0' ],
64 silly audit   'parent-module': [ '1.0.1' ],
64 silly audit   'path-exists': [ '4.0.0' ],
64 silly audit   'path-is-absolute': [ '1.0.1' ],
64 silly audit   'path-key': [ '3.1.1' ],
64 silly audit   'path-parse': [ '1.0.7' ],
64 silly audit   'path-scurry': [ '2.0.2' ],
64 silly audit   'path-type': [ '4.0.0' ],
64 silly audit   picocolors: [ '1.1.1' ],
64 silly audit   picomatch: [ '2.3.2', '4.0.4' ],
64 silly audit   pify: [ '2.3.0' ],
64 silly audit   pirates: [ '4.0.7' ],
64 silly audit   postcss: [ '8.5.8' ],
64 silly audit   'postcss-import': [ '15.1.0' ],
64 silly audit   'postcss-js': [ '4.1.0' ],
64 silly audit   'postcss-load-config': [ '6.0.1' ],
64 silly audit   'postcss-nested': [ '6.2.0' ],
64 silly audit   'postcss-selector-parser': [ '6.1.2' ],
64 silly audit   'postcss-value-parser': [ '4.2.0' ],
64 silly audit   'prelude-ls': [ '1.2.1' ],
64 silly audit   'prop-types': [ '15.8.1' ],
64 silly audit   'react-is': [ '16.13.1', '18.3.1' ],
64 silly audit   punycode: [ '2.3.1' ],
64 silly audit   'queue-microtask': [ '1.2.3' ],
64 silly audit   react: [ '18.3.1' ],
64 silly audit   'react-dom': [ '18.3.1' ],
64 silly audit   'react-refresh': [ '0.17.0' ],
64 silly audit   'react-router': [ '6.30.3' ],
64 silly audit   'react-smooth': [ '4.0.4' ],
64 silly audit   'react-transition-group': [ '4.4.5' ],
64 silly audit   'read-cache': [ '1.0.0' ],
64 silly audit   readdirp: [ '3.6.0' ],
64 silly audit   recharts: [ '2.15.4' ],
64 silly audit   'recharts-scale': [ '0.4.5' ],
64 silly audit   resolve: [ '1.22.11' ],
64 silly audit   'resolve-from': [ '4.0.0' ],
64 silly audit   reusify: [ '1.1.0' ],
64 silly audit   rimraf: [ '3.0.2' ],
64 silly audit   rollup: [ '4.60.0' ],
64 silly audit   'run-parallel': [ '1.2.0' ],
64 silly audit   scheduler: [ '0.23.2' ],
64 silly audit   'shebang-command': [ '2.0.0' ],
64 silly audit   'shebang-regex': [ '3.0.0' ],
64 silly audit   slash: [ '3.0.0' ],
64 silly audit   'source-map-js': [ '1.2.1' ],
64 silly audit   'strip-ansi': [ '6.0.1' ],
64 silly audit   'strip-json-comments': [ '3.1.1' ],
64 silly audit   sucrase: [ '3.35.1' ],
64 silly audit   'supports-color': [ '7.2.0' ],
64 silly audit   'supports-preserve-symlinks-flag': [ '1.0.0' ],
64 silly audit   'tailwind-merge': [ '2.6.1' ],
64 silly audit   tailwindcss: [ '3.4.19' ],
64 silly audit   'text-table': [ '0.2.0' ],
64 silly audit   thenify: [ '3.3.1' ],
64 silly audit   'thenify-all': [ '1.6.0' ],
64 silly audit   'tiny-invariant': [ '1.3.3' ],
64 silly audit   tinyglobby: [ '0.2.15' ],
64 silly audit   fdir: [ '6.5.0' ],
64 silly audit   'to-regex-range': [ '5.0.1' ],
64 silly audit   'ts-api-utils': [ '1.4.3' ],
64 silly audit   'ts-interface-checker': [ '0.1.13' ],
64 silly audit   tslib: [ '2.8.1' ],
64 silly audit   'type-check': [ '0.4.0' ],
64 silly audit   'type-fest': [ '0.20.2' ],
64 silly audit   typescript: [ '5.9.3' ],
64 silly audit   'undici-types': [ '7.18.2' ],
64 silly audit   'update-browserslist-db': [ '1.2.3' ],
64 silly audit   'uri-js': [ '4.4.1' ],
64 silly audit   'use-sync-external-store': [ '1.6.0' ],
64 silly audit   'util-deprecate': [ '1.0.2' ],
64 silly audit   'victory-vendor': [ '36.9.2' ],
64 silly audit   vite: [ '5.4.21' ],
64 silly audit   which: [ '2.0.2' ],
64 silly audit   'word-wrap': [ '1.2.5' ],
64 silly audit   wrappy: [ '1.0.2' ],
64 silly audit   ws: [ '8.20.0' ],
64 silly audit   yallist: [ '3.1.1' ],
64 silly audit   'yocto-queue': [ '0.1.0' ],
64 silly audit   zustand: [ '4.5.7' ],
64 silly audit   'react-router-dom': [ '6.30.3' ]
64 silly audit }
65 verbose reify failed optional dependency /Users/sangjaeseo/BlueforgeProjects/기업정보/node_modules/@rollup/rollup-win32-x64-msvc
66 silly reify mark deleted [
66 silly reify   '/Users/sangjaeseo/BlueforgeProjects/기업정보/node_modules/@rollup/rollup-win32-x64-msvc'
66 silly reify ]
67 verbose reify failed optional dependency /Users/sangjaeseo/BlueforgeProjects/기업정보/node_modules/@rollup/rollup-win32-x64-gnu
68 silly reify mark deleted [
68 silly reify   '/Users/sangjaeseo/BlueforgeProjects/기업정보/node_modules/@rollup/rollup-win32-x64-gnu'
68 silly reify ]
69 verbose reify failed optional dependency /Users/sangjaeseo/BlueforgeProjects/기업정보/node_modules/@rollup/rollup-win32-ia32-msvc
70 silly reify mark deleted [
70 silly reify   '/Users/sangjaeseo/BlueforgeProjects/기업정보/node_modules/@rollup/rollup-win32-ia32-msvc'
70 silly reify ]
71 verbose reify failed optional dependency /Users/sangjaeseo/BlueforgeProjects/기업정보/node_modules/@rollup/rollup-win32-arm64-msvc
72 silly reify mark deleted [
72 silly reify   '/Users/sangjaeseo/BlueforgeProjects/기업정보/node_modules/@rollup/rollup-win32-arm64-msvc'
72 silly reify ]
73 verbose reify failed optional dependency /Users/sangjaeseo/BlueforgeProjects/기업정보/node_modules/@rollup/rollup-openharmony-arm64
74 silly reify mark deleted [
74 silly reify   '/Users/sangjaeseo/BlueforgeProjects/기업정보/node_modules/@rollup/rollup-openharmony-arm64'
74 silly reify ]
75 verbose reify failed optional dependency /Users/sangjaeseo/BlueforgeProjects/기업정보/node_modules/@rollup/rollup-openbsd-x64
76 silly reify mark deleted [
76 silly reify   '/Users/sangjaeseo/BlueforgeProjects/기업정보/node_modules/@rollup/rollup-openbsd-x64'
76 silly reify ]
77 verbose reify failed optional dependency /Users/sangjaeseo/BlueforgeProjects/기업정보/node_modules/@rollup/rollup-linux-x64-musl
78 silly reify mark deleted [
78 silly reify   '/Users/sangjaeseo/BlueforgeProjects/기업정보/node_modules/@rollup/rollup-linux-x64-musl'
78 silly reify ]
79 verbose reify failed optional dependency /Users/sangjaeseo/BlueforgeProjects/기업정보/node_modules/@rollup/rollup-linux-x64-gnu
80 silly reify mark deleted [
80 silly reify   '/Users/sangjaeseo/BlueforgeProjects/기업정보/node_modules/@rollup/rollup-linux-x64-gnu'
80 silly reify ]
81 verbose reify failed optional dependency /Users/sangjaeseo/BlueforgeProjects/기업정보/node_modules/@rollup/rollup-linux-s390x-gnu
82 silly reify mark deleted [
82 silly reify   '/Users/sangjaeseo/BlueforgeProjects/기업정보/node_modules/@rollup/rollup-linux-s390x-gnu'
82 silly reify ]
83 verbose reify failed optional dependency /Users/sangjaeseo/BlueforgeProjects/기업정보/node_modules/@rollup/rollup-linux-riscv64-musl
84 silly reify mark deleted [
84 silly reify   '/Users/sangjaeseo/BlueforgeProjects/기업정보/node_modules/@rollup/rollup-linux-riscv64-musl'
84 silly reify ]
85 verbose reify failed optional dependency /Users/sangjaeseo/BlueforgeProjects/기업정보/node_modules/@rollup/rollup-linux-riscv64-gnu
86 silly reify mark deleted [
86 silly reify   '/Users/sangjaeseo/BlueforgeProjects/기업정보/node_modules/@rollup/rollup-linux-riscv64-gnu'
86 silly reify ]
87 verbose reify failed optional dependency /Users/sangjaeseo/BlueforgeProjects/기업정보/node_modules/@rollup/rollup-linux-ppc64-musl
88 silly reify mark deleted [
88 silly reify   '/Users/sangjaeseo/BlueforgeProjects/기업정보/node_modules/@rollup/rollup-linux-ppc64-musl'
88 silly reify ]
89 verbose reify failed optional dependency /Users/sangjaeseo/BlueforgeProjects/기업정보/node_modules/@rollup/rollup-linux-ppc64-gnu
90 silly reify mark deleted [
90 silly reify   '/Users/sangjaeseo/BlueforgeProjects/기업정보/node_modules/@rollup/rollup-linux-ppc64-gnu'
90 silly reify ]
91 verbose reify failed optional dependency /Users/sangjaeseo/BlueforgeProjects/기업정보/node_modules/@rollup/rollup-linux-loong64-musl
92 silly reify mark deleted [
92 silly reify   '/Users/sangjaeseo/BlueforgeProjects/기업정보/node_modules/@rollup/rollup-linux-loong64-musl'
92 silly reify ]
93 verbose reify failed optional dependency /Users/sangjaeseo/BlueforgeProjects/기업정보/node_modules/@rollup/rollup-linux-loong64-gnu
94 silly reify mark deleted [
94 silly reify   '/Users/sangjaeseo/BlueforgeProjects/기업정보/node_modules/@rollup/rollup-linux-loong64-gnu'
94 silly reify ]
95 verbose reify failed optional dependency /Users/sangjaeseo/BlueforgeProjects/기업정보/node_modules/@rollup/rollup-linux-arm64-musl
96 silly reify mark deleted [
96 silly reify   '/Users/sangjaeseo/BlueforgeProjects/기업정보/node_modules/@rollup/rollup-linux-arm64-musl'
96 silly reify ]
97 verbose reify failed optional dependency /Users/sangjaeseo/BlueforgeProjects/기업정보/node_modules/@rollup/rollup-linux-arm64-gnu
98 silly reify mark deleted [
98 silly reify   '/Users/sangjaeseo/BlueforgeProjects/기업정보/node_modules/@rollup/rollup-linux-arm64-gnu'
98 silly reify ]
99 verbose reify failed optional dependency /Users/sangjaeseo/BlueforgeProjects/기업정보/node_modules/@rollup/rollup-linux-arm-musleabihf
100 silly reify mark deleted [
100 silly reify   '/Users/sangjaeseo/BlueforgeProjects/기업정보/node_modules/@rollup/rollup-linux-arm-musleabihf'
100 silly reify ]
101 verbose reify failed optional dependency /Users/sangjaeseo/BlueforgeProjects/기업정보/node_modules/@rollup/rollup-linux-arm-gnueabihf
102 silly reify mark deleted [
102 silly reify   '/Users/sangjaeseo/BlueforgeProjects/기업정보/node_modules/@rollup/rollup-linux-arm-gnueabihf'
102 silly reify ]
103 verbose reify failed optional dependency /Users/sangjaeseo/BlueforgeProjects/기업정보/node_modules/@rollup/rollup-freebsd-x64
104 silly reify mark deleted [
104 silly reify   '/Users/sangjaeseo/BlueforgeProjects/기업정보/node_modules/@rollup/rollup-freebsd-x64'
104 silly reify ]
105 verbose reify failed optional dependency /Users/sangjaeseo/BlueforgeProjects/기업정보/node_modules/@rollup/rollup-freebsd-arm64
106 silly reify mark deleted [
106 silly reify   '/Users/sangjaeseo/BlueforgeProjects/기업정보/node_modules/@rollup/rollup-freebsd-arm64'
106 silly reify ]
107 verbose reify failed optional dependency /Users/sangjaeseo/BlueforgeProjects/기업정보/node_modules/@rollup/rollup-darwin-x64
108 silly reify mark deleted [
108 silly reify   '/Users/sangjaeseo/BlueforgeProjects/기업정보/node_modules/@rollup/rollup-darwin-x64'
108 silly reify ]
109 verbose reify failed optional dependency /Users/sangjaeseo/BlueforgeProjects/기업정보/node_modules/@rollup/rollup-android-arm64
110 silly reify mark deleted [
110 silly reify   '/Users/sangjaeseo/BlueforgeProjects/기업정보/node_modules/@rollup/rollup-android-arm64'
110 silly reify ]
111 verbose reify failed optional dependency /Users/sangjaeseo/BlueforgeProjects/기업정보/node_modules/@rollup/rollup-android-arm-eabi
112 silly reify mark deleted [
112 silly reify   '/Users/sangjaeseo/BlueforgeProjects/기업정보/node_modules/@rollup/rollup-android-arm-eabi'
112 silly reify ]
113 verbose reify failed optional dependency /Users/sangjaeseo/BlueforgeProjects/기업정보/node_modules/@esbuild/win32-x64
114 silly reify mark deleted [
114 silly reify   '/Users/sangjaeseo/BlueforgeProjects/기업정보/node_modules/@esbuild/win32-x64'
114 silly reify ]
115 verbose reify failed optional dependency /Users/sangjaeseo/BlueforgeProjects/기업정보/node_modules/@esbuild/win32-ia32
116 silly reify mark deleted [
116 silly reify   '/Users/sangjaeseo/BlueforgeProjects/기업정보/node_modules/@esbuild/win32-ia32'
116 silly reify ]
117 verbose reify failed optional dependency /Users/sangjaeseo/BlueforgeProjects/기업정보/node_modules/@esbuild/win32-arm64
118 silly reify mark deleted [
118 silly reify   '/Users/sangjaeseo/BlueforgeProjects/기업정보/node_modules/@esbuild/win32-arm64'
118 silly reify ]
119 verbose reify failed optional dependency /Users/sangjaeseo/BlueforgeProjects/기업정보/node_modules/@esbuild/sunos-x64
120 silly reify mark deleted [
120 silly reify   '/Users/sangjaeseo/BlueforgeProjects/기업정보/node_modules/@esbuild/sunos-x64'
120 silly reify ]
121 verbose reify failed optional dependency /Users/sangjaeseo/BlueforgeProjects/기업정보/node_modules/@esbuild/openbsd-x64
122 silly reify mark deleted [
122 silly reify   '/Users/sangjaeseo/BlueforgeProjects/기업정보/node_modules/@esbuild/openbsd-x64'
122 silly reify ]
123 verbose reify failed optional dependency /Users/sangjaeseo/BlueforgeProjects/기업정보/node_modules/@esbuild/netbsd-x64
124 silly reify mark deleted [
124 silly reify   '/Users/sangjaeseo/BlueforgeProjects/기업정보/node_modules/@esbuild/netbsd-x64'
124 silly reify ]
125 verbose reify failed optional dependency /Users/sangjaeseo/BlueforgeProjects/기업정보/node_modules/@esbuild/linux-x64
126 silly reify mark deleted [
126 silly reify   '/Users/sangjaeseo/BlueforgeProjects/기업정보/node_modules/@esbuild/linux-x64'
126 silly reify ]
127 verbose reify failed optional dependency /Users/sangjaeseo/BlueforgeProjects/기업정보/node_modules/@esbuild/linux-s390x
128 silly reify mark deleted [
128 silly reify   '/Users/sangjaeseo/BlueforgeProjects/기업정보/node_modules/@esbuild/linux-s390x'
128 silly reify ]
129 verbose reify failed optional dependency /Users/sangjaeseo/BlueforgeProjects/기업정보/node_modules/@esbuild/linux-riscv64
130 silly reify mark deleted [
130 silly reify   '/Users/sangjaeseo/BlueforgeProjects/기업정보/node_modules/@esbuild/linux-riscv64'
130 silly reify ]
131 verbose reify failed optional dependency /Users/sangjaeseo/BlueforgeProjects/기업정보/node_modules/@esbuild/linux-ppc64
132 silly reify mark deleted [
132 silly reify   '/Users/sangjaeseo/BlueforgeProjects/기업정보/node_modules/@esbuild/linux-ppc64'
132 silly reify ]
133 verbose reify failed optional dependency /Users/sangjaeseo/BlueforgeProjects/기업정보/node_modules/@esbuild/linux-mips64el
134 silly reify mark deleted [
134 silly reify   '/Users/sangjaeseo/BlueforgeProjects/기업정보/node_modules/@esbuild/linux-mips64el'
134 silly reify ]
135 verbose reify failed optional dependency /Users/sangjaeseo/BlueforgeProjects/기업정보/node_modules/@esbuild/linux-loong64
136 silly reify mark deleted [
136 silly reify   '/Users/sangjaeseo/BlueforgeProjects/기업정보/node_modules/@esbuild/linux-loong64'
136 silly reify ]
137 verbose reify failed optional dependency /Users/sangjaeseo/BlueforgeProjects/기업정보/node_modules/@esbuild/linux-ia32
138 silly reify mark deleted [
138 silly reify   '/Users/sangjaeseo/BlueforgeProjects/기업정보/node_modules/@esbuild/linux-ia32'
138 silly reify ]
139 verbose reify failed optional dependency /Users/sangjaeseo/BlueforgeProjects/기업정보/node_modules/@esbuild/linux-arm64
140 silly reify mark deleted [
140 silly reify   '/Users/sangjaeseo/BlueforgeProjects/기업정보/node_modules/@esbuild/linux-arm64'
140 silly reify ]
141 verbose reify failed optional dependency /Users/sangjaeseo/BlueforgeProjects/기업정보/node_modules/@esbuild/linux-arm
142 silly reify mark deleted [
142 silly reify   '/Users/sangjaeseo/BlueforgeProjects/기업정보/node_modules/@esbuild/linux-arm'
142 silly reify ]
143 verbose reify failed optional dependency /Users/sangjaeseo/BlueforgeProjects/기업정보/node_modules/@esbuild/freebsd-x64
144 silly reify mark deleted [
144 silly reify   '/Users/sangjaeseo/BlueforgeProjects/기업정보/node_modules/@esbuild/freebsd-x64'
144 silly reify ]
145 verbose reify failed optional dependency /Users/sangjaeseo/BlueforgeProjects/기업정보/node_modules/@esbuild/freebsd-arm64
146 silly reify mark deleted [
146 silly reify   '/Users/sangjaeseo/BlueforgeProjects/기업정보/node_modules/@esbuild/freebsd-arm64'
146 silly reify ]
147 verbose reify failed optional dependency /Users/sangjaeseo/BlueforgeProjects/기업정보/node_modules/@esbuild/darwin-x64
148 silly reify mark deleted [
148 silly reify   '/Users/sangjaeseo/BlueforgeProjects/기업정보/node_modules/@esbuild/darwin-x64'
148 silly reify ]
149 verbose reify failed optional dependency /Users/sangjaeseo/BlueforgeProjects/기업정보/node_modules/@esbuild/android-x64
150 silly reify mark deleted [
150 silly reify   '/Users/sangjaeseo/BlueforgeProjects/기업정보/node_modules/@esbuild/android-x64'
150 silly reify ]
151 verbose reify failed optional dependency /Users/sangjaeseo/BlueforgeProjects/기업정보/node_modules/@esbuild/android-arm64
152 silly reify mark deleted [
152 silly reify   '/Users/sangjaeseo/BlueforgeProjects/기업정보/node_modules/@esbuild/android-arm64'
152 silly reify ]
153 verbose reify failed optional dependency /Users/sangjaeseo/BlueforgeProjects/기업정보/node_modules/@esbuild/android-arm
154 silly reify mark deleted [
154 silly reify   '/Users/sangjaeseo/BlueforgeProjects/기업정보/node_modules/@esbuild/android-arm'
154 silly reify ]
155 verbose reify failed optional dependency /Users/sangjaeseo/BlueforgeProjects/기업정보/node_modules/@esbuild/aix-ppc64
156 silly reify mark deleted [
156 silly reify   '/Users/sangjaeseo/BlueforgeProjects/기업정보/node_modules/@esbuild/aix-ppc64'
156 silly reify ]
157 timing reifyNode:node_modules/@rollup/rollup-win32-x64-msvc Completed in 3ms
158 timing reifyNode:node_modules/@rollup/rollup-win32-x64-gnu Completed in 3ms
159 timing reifyNode:node_modules/@rollup/rollup-win32-ia32-msvc Completed in 3ms
160 timing reifyNode:node_modules/@rollup/rollup-win32-arm64-msvc Completed in 3ms
161 timing reifyNode:node_modules/@rollup/rollup-openharmony-arm64 Completed in 3ms
162 timing reifyNode:node_modules/@rollup/rollup-openbsd-x64 Completed in 3ms
163 timing reifyNode:node_modules/@rollup/rollup-linux-x64-musl Completed in 3ms
164 timing reifyNode:node_modules/@rollup/rollup-linux-x64-gnu Completed in 3ms
165 timing reifyNode:node_modules/@rollup/rollup-linux-s390x-gnu Completed in 3ms
166 timing reifyNode:node_modules/@rollup/rollup-linux-riscv64-musl Completed in 3ms
167 timing reifyNode:node_modules/@rollup/rollup-linux-riscv64-gnu Completed in 3ms
168 timing reifyNode:node_modules/@rollup/rollup-linux-ppc64-musl Completed in 3ms
169 timing reifyNode:node_modules/@rollup/rollup-linux-ppc64-gnu Completed in 3ms
170 timing reifyNode:node_modules/@rollup/rollup-linux-loong64-musl Completed in 3ms
171 timing reifyNode:node_modules/@rollup/rollup-linux-loong64-gnu Completed in 3ms
172 timing reifyNode:node_modules/@rollup/rollup-linux-arm64-musl Completed in 3ms
173 timing reifyNode:node_modules/@rollup/rollup-linux-arm64-gnu Completed in 3ms
174 timing reifyNode:node_modules/@rollup/rollup-linux-arm-musleabihf Completed in 2ms
175 timing reifyNode:node_modules/@rollup/rollup-linux-arm-gnueabihf Completed in 2ms
176 timing reifyNode:node_modules/@rollup/rollup-freebsd-x64 Completed in 2ms
177 timing reifyNode:node_modules/@rollup/rollup-freebsd-arm64 Completed in 2ms
178 timing reifyNode:node_modules/@rollup/rollup-darwin-x64 Completed in 2ms
179 timing reifyNode:node_modules/@rollup/rollup-android-arm64 Completed in 2ms
180 timing reifyNode:node_modules/@rollup/rollup-android-arm-eabi Completed in 2ms
181 timing reifyNode:node_modules/@esbuild/win32-x64 Completed in 2ms
182 timing reifyNode:node_modules/@esbuild/win32-ia32 Completed in 2ms
183 timing reifyNode:node_modules/@esbuild/win32-arm64 Completed in 2ms
184 timing reifyNode:node_modules/@esbuild/sunos-x64 Completed in 2ms
185 timing reifyNode:node_modules/@esbuild/openbsd-x64 Completed in 2ms
186 timing reifyNode:node_modules/@esbuild/netbsd-x64 Completed in 2ms
187 timing reifyNode:node_modules/@esbuild/linux-x64 Completed in 2ms
188 timing reifyNode:node_modules/@esbuild/linux-s390x Completed in 2ms
189 timing reifyNode:node_modules/@esbuild/linux-riscv64 Completed in 2ms
190 timing reifyNode:node_modules/@esbuild/linux-ppc64 Completed in 2ms
191 timing reifyNode:node_modules/@esbuild/linux-mips64el Completed in 2ms
192 timing reifyNode:node_modules/@esbuild/linux-loong64 Completed in 2ms
193 timing reifyNode:node_modules/@esbuild/linux-ia32 Completed in 2ms
194 timing reifyNode:node_modules/@esbuild/linux-arm64 Completed in 2ms
195 timing reifyNode:node_modules/@esbuild/linux-arm Completed in 2ms
196 timing reifyNode:node_modules/@esbuild/freebsd-x64 Completed in 2ms
197 timing reifyNode:node_modules/@esbuild/freebsd-arm64 Completed in 2ms
198 timing reifyNode:node_modules/@esbuild/darwin-x64 Completed in 2ms
199 timing reifyNode:node_modules/@esbuild/android-x64 Completed in 2ms
200 timing reifyNode:node_modules/@esbuild/android-arm64 Completed in 2ms
201 timing reifyNode:node_modules/@esbuild/android-arm Completed in 2ms
202 timing reifyNode:node_modules/@esbuild/aix-ppc64 Completed in 2ms
203 timing reify:unpack Completed in 3ms
204 timing reify:unretire Completed in 0ms
205 timing build:queue Completed in 0ms
206 timing build:deps Completed in 1ms
207 timing build Completed in 1ms
208 timing reify:build Completed in 1ms
209 timing reify:trash Completed in 1ms
210 timing reify:save Completed in 22ms
211 http fetch POST 200 https://registry.npmjs.org/-/npm/v1/security/advisories/bulk 178ms
212 timing auditReport:getReport Completed in 180ms
213 silly audit report {
213 silly audit report   'brace-expansion': [
213 silly audit report     {
213 silly audit report       id: 1115540,
213 silly audit report       url: 'https://github.com/advisories/GHSA-f886-m6hf-6m8v',
213 silly audit report       title: 'brace-expansion: Zero-step sequence causes process hang and memory exhaustion',
213 silly audit report       severity: 'moderate',
213 silly audit report       vulnerable_versions: '<1.1.13',
213 silly audit report       cwe: [Array],
213 silly audit report       cvss: [Object]
213 silly audit report     },
213 silly audit report     {
213 silly audit report       id: 1115541,
213 silly audit report       url: 'https://github.com/advisories/GHSA-f886-m6hf-6m8v',
213 silly audit report       title: 'brace-expansion: Zero-step sequence causes process hang and memory exhaustion',
213 silly audit report       severity: 'moderate',
213 silly audit report       vulnerable_versions: '>=2.0.0 <2.0.3',
213 silly audit report       cwe: [Array],
213 silly audit report       cvss: [Object]
213 silly audit report     }
213 silly audit report   ],
213 silly audit report   minimatch: [
213 silly audit report     {
213 silly audit report       id: 1113465,
213 silly audit report       url: 'https://github.com/advisories/GHSA-3ppc-4f35-3m26',
213 silly audit report       title: 'minimatch has a ReDoS via repeated wildcards with non-matching literal in pattern',
213 silly audit report       severity: 'high',
213 silly audit report       vulnerable_versions: '>=9.0.0 <9.0.6',
213 silly audit report       cwe: [Array],
213 silly audit report       cvss: [Object]
213 silly audit report     },
213 silly audit report     {
213 silly audit report       id: 1113544,
213 silly audit report       url: 'https://github.com/advisories/GHSA-7r86-cg39-jmmj',
213 silly audit report       title: 'minimatch has ReDoS: matchOne() combinatorial backtracking via multiple non-adjacent GLOBSTAR segments',
213 silly audit report       severity: 'high',
213 silly audit report       vulnerable_versions: '>=9.0.0 <9.0.7',
213 silly audit report       cwe: [Array],
213 silly audit report       cvss: [Object]
213 silly audit report     },
213 silly audit report     {
213 silly audit report       id: 1113552,
213 silly audit report       url: 'https://github.com/advisories/GHSA-23c5-xmqv-rm74',
213 silly audit report       title: 'minimatch ReDoS: nested *() extglobs generate catastrophically backtracking regular expressions',
213 silly audit report       severity: 'high',
213 silly audit report       vulnerable_versions: '>=9.0.0 <9.0.7',
213 silly audit report       cwe: [Array],
213 silly audit report       cvss: [Object]
213 silly audit report     }
213 silly audit report   ],
213 silly audit report   esbuild: [
213 silly audit report     {
213 silly audit report       id: 1102341,
213 silly audit report       url: 'https://github.com/advisories/GHSA-67mh-4wv8-2f99',
213 silly audit report       title: 'esbuild enables any website to send any requests to the development server and read the response',
213 silly audit report       severity: 'moderate',
213 silly audit report       vulnerable_versions: '<=0.24.2',
213 silly audit report       cwe: [Array],
213 silly audit report       cvss: [Object]
213 silly audit report     }
213 silly audit report   ]
213 silly audit report }
214 timing metavuln:cache:get:security-advisory:brace-expansion:kIHgu1L8zIy7pY0wp6wYzUm7tst3xTM2tiSYrstcGK/XsO7o4p6zyuUSjq93oH1dvU2tbEvlSW+gaNbGIbeudw== Completed in 2ms
215 timing metavuln:cache:get:security-advisory:brace-expansion:ZHzAtnciS42HIMtUGajCifTIrkCUkWb93u/V1lJEt9HzdJ+ypMofn/dKgSOaziPQj+WGAcGS7t7WdPUHJBz0LA== Completed in 1ms
216 timing metavuln:cache:get:security-advisory:minimatch:tJ9Z2VGWqiQfLaVKxc9K/6Rz1g70Mpl3An4UK+K1lyHdz27vYPzhMIkC4jRGAN2wpssY+8l13Ql259B6zkaX/Q== Completed in 6ms
217 timing metavuln:cache:get:security-advisory:minimatch:B00WbbnnDNaFGA7l9BgrTioYpRMzU4+U8SUF8cn65LwArJAK0O380QwyP/UyxPr7i9XUjX9/AADC41/edu9OrA== Completed in 6ms
218 timing metavuln:cache:get:security-advisory:esbuild:jKdCIzePj7J1488qgRXvF8Srh9wutSuR1exB8YooNX62hT+qhtrUXYbArLNoIhgwbaCqKpmduh18syZU7BR9SA== Completed in 6ms
219 timing metavuln:cache:get:security-advisory:minimatch:IBqefxF0lKwSFXzwGHp5L8khqSaPYY99x0GHtXNH4YxtdIexeL4FFPzrnnBvkhgmGDEWHo3XAgpPYGyM1jidQQ== Completed in 6ms
220 http fetch GET 200 https://registry.npmjs.org/esbuild 37ms (cache revalidated)
221 timing metavuln:packument:esbuild Completed in 41ms
222 timing metavuln:load:security-advisory:esbuild:1102341 Completed in 1ms
223 timing metavuln:calculate:security-advisory:esbuild:1102341 Completed in 43ms
224 http fetch GET 200 https://registry.npmjs.org/minimatch 109ms (cache revalidated)
225 timing metavuln:packument:minimatch Completed in 110ms
226 timing metavuln:load:security-advisory:minimatch:1113465 Completed in 0ms
227 timing metavuln:calculate:security-advisory:minimatch:1113465 Completed in 110ms
228 timing metavuln:load:security-advisory:minimatch:1113544 Completed in 0ms
229 timing metavuln:calculate:security-advisory:minimatch:1113544 Completed in 110ms
230 timing metavuln:load:security-advisory:minimatch:1113552 Completed in 0ms
231 timing metavuln:calculate:security-advisory:minimatch:1113552 Completed in 110ms
232 http fetch GET 200 https://registry.npmjs.org/brace-expansion 111ms (cache updated)
233 timing metavuln:packument:brace-expansion Completed in 111ms
234 timing metavuln:load:security-advisory:brace-expansion:1115540 Completed in 1ms
235 timing metavuln:load:security-advisory:brace-expansion:1115541 Completed in 0ms
236 timing metavuln:cache:put:security-advisory:brace-expansion:kIHgu1L8zIy7pY0wp6wYzUm7tst3xTM2tiSYrstcGK/XsO7o4p6zyuUSjq93oH1dvU2tbEvlSW+gaNbGIbeudw== Completed in 1ms
237 timing metavuln:calculate:security-advisory:brace-expansion:1115540 Completed in 114ms
238 timing metavuln:cache:put:security-advisory:brace-expansion:ZHzAtnciS42HIMtUGajCifTIrkCUkWb93u/V1lJEt9HzdJ+ypMofn/dKgSOaziPQj+WGAcGS7t7WdPUHJBz0LA== Completed in 1ms
239 timing metavuln:calculate:security-advisory:brace-expansion:1115541 Completed in 114ms
240 timing metavuln:cache:get:security-advisory:minimatch:/0Er43jAJYtedmFf28LczeYNpugHuL8c0lEtKZQ3iahaosdPvdPdhmr9lB0BwJr6iZu9ORb4I2CUoET1WHhyuA== Completed in 0ms
241 timing metavuln:load:security-advisory:minimatch:kIHgu1L8zIy7pY0wp6wYzUm7tst3xTM2tiSYrstcGK/XsO7o4p6zyuUSjq93oH1dvU2tbEvlSW+gaNbGIbeudw== Completed in 1ms
242 timing metavuln:cache:put:security-advisory:minimatch:/0Er43jAJYtedmFf28LczeYNpugHuL8c0lEtKZQ3iahaosdPvdPdhmr9lB0BwJr6iZu9ORb4I2CUoET1WHhyuA== Completed in 1ms
243 timing metavuln:calculate:security-advisory:minimatch:kIHgu1L8zIy7pY0wp6wYzUm7tst3xTM2tiSYrstcGK/XsO7o4p6zyuUSjq93oH1dvU2tbEvlSW+gaNbGIbeudw== Completed in 2ms
244 timing metavuln:cache:get:security-advisory:minimatch:G8h2793WCaVrMJUTXYF+s/K/iqdP0PDQt0yKUJtmg/XbDK6SQxL7agMLArisp38w7hSPG6F5ZmCtVLXcd2IZLA== Completed in 0ms
245 timing metavuln:load:security-advisory:minimatch:ZHzAtnciS42HIMtUGajCifTIrkCUkWb93u/V1lJEt9HzdJ+ypMofn/dKgSOaziPQj+WGAcGS7t7WdPUHJBz0LA== Completed in 1ms
246 timing metavuln:cache:put:security-advisory:minimatch:G8h2793WCaVrMJUTXYF+s/K/iqdP0PDQt0yKUJtmg/XbDK6SQxL7agMLArisp38w7hSPG6F5ZmCtVLXcd2IZLA== Completed in 0ms
247 timing metavuln:calculate:security-advisory:minimatch:ZHzAtnciS42HIMtUGajCifTIrkCUkWb93u/V1lJEt9HzdJ+ypMofn/dKgSOaziPQj+WGAcGS7t7WdPUHJBz0LA== Completed in 1ms
248 timing metavuln:cache:get:security-advisory:@typescript-eslint/typescript-estree:Nhz0xCqWvb+VTRICJQC30ctuIxO4zAgpLCHbzLpRCtzo4N+xQCBfztfMr8ZGv8tb05mMcK6mvwg0cRuca1jQ8Q== Completed in 1ms
249 http fetch GET 200 https://registry.npmjs.org/@typescript-eslint%2ftypescript-estree 198ms (cache updated)
250 timing metavuln:packument:@typescript-eslint/typescript-estree Completed in 215ms
251 timing metavuln:load:security-advisory:@typescript-eslint/typescript-estree:B00WbbnnDNaFGA7l9BgrTioYpRMzU4+U8SUF8cn65LwArJAK0O380QwyP/UyxPr7i9XUjX9/AADC41/edu9OrA== Completed in 41ms
252 timing metavuln:cache:put:security-advisory:@typescript-eslint/typescript-estree:Nhz0xCqWvb+VTRICJQC30ctuIxO4zAgpLCHbzLpRCtzo4N+xQCBfztfMr8ZGv8tb05mMcK6mvwg0cRuca1jQ8Q== Completed in 2ms
253 timing metavuln:calculate:security-advisory:@typescript-eslint/typescript-estree:B00WbbnnDNaFGA7l9BgrTioYpRMzU4+U8SUF8cn65LwArJAK0O380QwyP/UyxPr7i9XUjX9/AADC41/edu9OrA== Completed in 259ms
254 timing metavuln:cache:get:security-advisory:vite:tMBsdAS7JBTyRORp0YaJR984WAAsOxgmReSLBN0Nd41GhzEakjROICqAJ31iOdYG5Ijo/MlJ01p3ig1iN88+Tw== Completed in 2ms
255 http fetch GET 200 https://registry.npmjs.org/vite 60ms (cache updated)
256 timing metavuln:packument:vite Completed in 69ms
257 timing metavuln:load:security-advisory:vite:jKdCIzePj7J1488qgRXvF8Srh9wutSuR1exB8YooNX62hT+qhtrUXYbArLNoIhgwbaCqKpmduh18syZU7BR9SA== Completed in 6ms
258 timing metavuln:cache:put:security-advisory:vite:tMBsdAS7JBTyRORp0YaJR984WAAsOxgmReSLBN0Nd41GhzEakjROICqAJ31iOdYG5Ijo/MlJ01p3ig1iN88+Tw== Completed in 5ms
259 timing metavuln:calculate:security-advisory:vite:jKdCIzePj7J1488qgRXvF8Srh9wutSuR1exB8YooNX62hT+qhtrUXYbArLNoIhgwbaCqKpmduh18syZU7BR9SA== Completed in 80ms
260 timing metavuln:cache:get:security-advisory:@typescript-eslint/utils:ZnHI0C1FbwGUWNvGDoTF4w4el4vRu/lNsImhQ1R2K2M3ML6k0xZv3C8TbglCD1rWeNx89CNnaXx0G3Ieu2ZWSw== Completed in 1ms
261 timing metavuln:cache:get:security-advisory:@typescript-eslint/type-utils:EHArtJU0pzySroDQUvl2raqBnzpSIlTA8s8Nz1is77BPj+FyBukS5Xs2f5oOcVdWaXJWBEhEdruugU7HszfVkQ== Completed in 2ms
262 timing metavuln:cache:get:security-advisory:@typescript-eslint/parser:l8FoURi1vPdjcWzIpL7CN/UvdeIYUSGuS8fsFkUqBAqKUTagbcgg6Xz8Rre3gn17pM8SPgOMx8cT+hS24/U4Lg== Completed in 3ms
263 http fetch GET 200 https://registry.npmjs.org/@typescript-eslint%2ftype-utils 250ms (cache updated)
264 timing metavuln:packument:@typescript-eslint/type-utils Completed in 269ms
265 timing metavuln:load:security-advisory:@typescript-eslint/type-utils:Nhz0xCqWvb+VTRICJQC30ctuIxO4zAgpLCHbzLpRCtzo4N+xQCBfztfMr8ZGv8tb05mMcK6mvwg0cRuca1jQ8Q== Completed in 2868ms
266 timing metavuln:cache:put:security-advisory:@typescript-eslint/type-utils:EHArtJU0pzySroDQUvl2raqBnzpSIlTA8s8Nz1is77BPj+FyBukS5Xs2f5oOcVdWaXJWBEhEdruugU7HszfVkQ== Completed in 5ms
267 timing metavuln:calculate:security-advisory:@typescript-eslint/type-utils:Nhz0xCqWvb+VTRICJQC30ctuIxO4zAgpLCHbzLpRCtzo4N+xQCBfztfMr8ZGv8tb05mMcK6mvwg0cRuca1jQ8Q== Completed in 3142ms
268 http fetch GET 200 https://registry.npmjs.org/@typescript-eslint%2fparser 3164ms (cache updated)
269 timing metavuln:packument:@typescript-eslint/parser Completed in 3178ms
270 timing metavuln:load:security-advisory:@typescript-eslint/parser:Nhz0xCqWvb+VTRICJQC30ctuIxO4zAgpLCHbzLpRCtzo4N+xQCBfztfMr8ZGv8tb05mMcK6mvwg0cRuca1jQ8Q== Completed in 1027ms
271 http fetch GET 200 https://registry.npmjs.org/@typescript-eslint%2futils 4206ms (cache updated)
272 timing metavuln:packument:@typescript-eslint/utils Completed in 4214ms
273 timing metavuln:load:security-advisory:@typescript-eslint/utils:Nhz0xCqWvb+VTRICJQC30ctuIxO4zAgpLCHbzLpRCtzo4N+xQCBfztfMr8ZGv8tb05mMcK6mvwg0cRuca1jQ8Q== Completed in 32ms
274 timing metavuln:cache:put:security-advisory:@typescript-eslint/parser:l8FoURi1vPdjcWzIpL7CN/UvdeIYUSGuS8fsFkUqBAqKUTagbcgg6Xz8Rre3gn17pM8SPgOMx8cT+hS24/U4Lg== Completed in 44ms
275 timing metavuln:calculate:security-advisory:@typescript-eslint/parser:Nhz0xCqWvb+VTRICJQC30ctuIxO4zAgpLCHbzLpRCtzo4N+xQCBfztfMr8ZGv8tb05mMcK6mvwg0cRuca1jQ8Q== Completed in 4249ms
276 timing metavuln:cache:put:security-advisory:@typescript-eslint/utils:ZnHI0C1FbwGUWNvGDoTF4w4el4vRu/lNsImhQ1R2K2M3ML6k0xZv3C8TbglCD1rWeNx89CNnaXx0G3Ieu2ZWSw== Completed in 2ms
277 timing metavuln:calculate:security-advisory:@typescript-eslint/utils:Nhz0xCqWvb+VTRICJQC30ctuIxO4zAgpLCHbzLpRCtzo4N+xQCBfztfMr8ZGv8tb05mMcK6mvwg0cRuca1jQ8Q== Completed in 4250ms
278 timing metavuln:cache:get:security-advisory:@vitejs/plugin-react:P4XDBxCt1M9jhU3wPSnbYo14hU9TEKKi3dRjV6pE6SGkUMgEqrUpLUvU/o4utnW6O2m8Mrkk3y+AtxEbBn/p0A== Completed in 13ms
279 http fetch GET 200 https://registry.npmjs.org/@vitejs%2fplugin-react 204ms (cache revalidated)
280 timing metavuln:packument:@vitejs/plugin-react Completed in 205ms
281 timing metavuln:load:security-advisory:@vitejs/plugin-react:tMBsdAS7JBTyRORp0YaJR984WAAsOxgmReSLBN0Nd41GhzEakjROICqAJ31iOdYG5Ijo/MlJ01p3ig1iN88+Tw== Completed in 10ms
282 timing metavuln:cache:put:security-advisory:@vitejs/plugin-react:P4XDBxCt1M9jhU3wPSnbYo14hU9TEKKi3dRjV6pE6SGkUMgEqrUpLUvU/o4utnW6O2m8Mrkk3y+AtxEbBn/p0A== Completed in 2ms
283 timing metavuln:calculate:security-advisory:@vitejs/plugin-react:tMBsdAS7JBTyRORp0YaJR984WAAsOxgmReSLBN0Nd41GhzEakjROICqAJ31iOdYG5Ijo/MlJ01p3ig1iN88+Tw== Completed in 217ms
284 timing metavuln:cache:get:security-advisory:@typescript-eslint/eslint-plugin:HH/73iLpx+M4QzuwDYr8ohHJ+QZq1egPbIVF56SXzIMD6FOvi8qjWhJdCPd9T6K8/HtBzJK5GJugCkgxBv217Q== Completed in 1ms
285 http fetch GET 200 https://registry.npmjs.org/@typescript-eslint%2feslint-plugin 213ms (cache updated)
286 timing metavuln:packument:@typescript-eslint/eslint-plugin Completed in 238ms
287 timing metavuln:load:security-advisory:@typescript-eslint/eslint-plugin:EHArtJU0pzySroDQUvl2raqBnzpSIlTA8s8Nz1is77BPj+FyBukS5Xs2f5oOcVdWaXJWBEhEdruugU7HszfVkQ== Completed in 1572ms
288 timing metavuln:cache:put:security-advisory:@typescript-eslint/eslint-plugin:HH/73iLpx+M4QzuwDYr8ohHJ+QZq1egPbIVF56SXzIMD6FOvi8qjWhJdCPd9T6K8/HtBzJK5GJugCkgxBv217Q== Completed in 1ms
289 timing metavuln:calculate:security-advisory:@typescript-eslint/eslint-plugin:EHArtJU0pzySroDQUvl2raqBnzpSIlTA8s8Nz1is77BPj+FyBukS5Xs2f5oOcVdWaXJWBEhEdruugU7HszfVkQ== Completed in 1811ms
290 timing metavuln:cache:get:security-advisory:@typescript-eslint/eslint-plugin:XXeeErJRYj7VfO9NKepr4eseOkZK7b/b1BfbKV+uTmaBr07HNJhdlwP0yUks2NwIKMVDgCX90B5u0HrcMhOGZg== Completed in 3ms
291 timing metavuln:load:security-advisory:@typescript-eslint/eslint-plugin:l8FoURi1vPdjcWzIpL7CN/UvdeIYUSGuS8fsFkUqBAqKUTagbcgg6Xz8Rre3gn17pM8SPgOMx8cT+hS24/U4Lg== Completed in 698ms
292 timing metavuln:cache:put:security-advisory:@typescript-eslint/eslint-plugin:XXeeErJRYj7VfO9NKepr4eseOkZK7b/b1BfbKV+uTmaBr07HNJhdlwP0yUks2NwIKMVDgCX90B5u0HrcMhOGZg== Completed in 2ms
293 timing metavuln:calculate:security-advisory:@typescript-eslint/eslint-plugin:l8FoURi1vPdjcWzIpL7CN/UvdeIYUSGuS8fsFkUqBAqKUTagbcgg6Xz8Rre3gn17pM8SPgOMx8cT+hS24/U4Lg== Completed in 703ms
294 timing metavuln:cache:get:security-advisory:@typescript-eslint/type-utils:KxOHs08OlPfJq7BeB7fAw0eDKwtfs/GAaat7n5yx2mVzIwOQrtlYDQkQ9Un+39aFFMQqFbUOpx1o9iQNjaH2xw== Completed in 1ms
295 timing metavuln:load:security-advisory:@typescript-eslint/type-utils:ZnHI0C1FbwGUWNvGDoTF4w4el4vRu/lNsImhQ1R2K2M3ML6k0xZv3C8TbglCD1rWeNx89CNnaXx0G3Ieu2ZWSw== Completed in 1499ms
296 timing metavuln:cache:get:security-advisory:@typescript-eslint/eslint-plugin:A3G9bSxtn28sCtyMhVs4wMvFQ0YoSoOl1aTljAE/xfUt5CgV2p8axCFLlez6qI777bgOXn8ILBvG9kRsedZXHA== Completed in 1500ms
297 timing metavuln:load:security-advisory:@typescript-eslint/eslint-plugin:ZnHI0C1FbwGUWNvGDoTF4w4el4vRu/lNsImhQ1R2K2M3ML6k0xZv3C8TbglCD1rWeNx89CNnaXx0G3Ieu2ZWSw== Completed in 58ms
298 timing metavuln:cache:put:security-advisory:@typescript-eslint/eslint-plugin:A3G9bSxtn28sCtyMhVs4wMvFQ0YoSoOl1aTljAE/xfUt5CgV2p8axCFLlez6qI777bgOXn8ILBvG9kRsedZXHA== Completed in 1ms
299 timing metavuln:calculate:security-advisory:@typescript-eslint/eslint-plugin:ZnHI0C1FbwGUWNvGDoTF4w4el4vRu/lNsImhQ1R2K2M3ML6k0xZv3C8TbglCD1rWeNx89CNnaXx0G3Ieu2ZWSw== Completed in 1559ms
300 timing metavuln:cache:put:security-advisory:@typescript-eslint/type-utils:KxOHs08OlPfJq7BeB7fAw0eDKwtfs/GAaat7n5yx2mVzIwOQrtlYDQkQ9Un+39aFFMQqFbUOpx1o9iQNjaH2xw== Completed in 59ms
301 timing metavuln:calculate:security-advisory:@typescript-eslint/type-utils:ZnHI0C1FbwGUWNvGDoTF4w4el4vRu/lNsImhQ1R2K2M3ML6k0xZv3C8TbglCD1rWeNx89CNnaXx0G3Ieu2ZWSw== Completed in 1559ms
302 timing auditReport:init Completed in 9000ms
303 timing reify:audit Completed in 9180ms
304 timing reify Completed in 9673ms
305 silly ADD
306 silly ADD
307 silly ADD
308 silly ADD
309 silly ADD
310 silly ADD
311 silly ADD
312 silly ADD
313 silly ADD
314 silly ADD
315 silly ADD
316 silly ADD
317 silly ADD
318 silly ADD
319 silly ADD
320 silly ADD
321 silly ADD
322 silly ADD
323 silly ADD
324 silly ADD
325 silly ADD
326 silly ADD
327 silly ADD
328 silly ADD
329 silly ADD
330 silly ADD
331 silly ADD
332 silly ADD
333 silly ADD
334 silly ADD
335 silly ADD
336 silly ADD
337 silly ADD
338 silly ADD
339 silly ADD
340 silly ADD
341 silly ADD
342 silly ADD
343 silly ADD
344 silly ADD
345 silly ADD
346 silly ADD
347 silly ADD
348 silly ADD
349 silly ADD
350 silly ADD
351 timing command:install Completed in 9711ms
352 verbose exit 0
353 timing npm Completed in 9814ms
354 info ok
