0 verbose cli /Users/sangjaeseo/.nvm/versions/node/v20.19.6/bin/node /Users/sangjaeseo/.nvm/versions/node/v20.19.6/bin/npm
1 info using npm@10.8.2
2 info using node@v20.19.6
3 silly config load:file:/Users/sangjaeseo/.nvm/versions/node/v20.19.6/lib/node_modules/npm/npmrc
4 silly config load:file:/Users/sangjaeseo/.npmrc
5 silly config load:file:/Users/sangjaeseo/.nvm/versions/node/v20.19.6/etc/npmrc
6 verbose title npm run build
7 verbose argv "run" "build"
8 verbose logfile logs-max:10 dir:/Users/sangjaeseo/BlueforgeProjects/기업정보/.npm-cache/_logs/2026-03-24T01_31_18_579Z-
9 verbose logfile /Users/sangjaeseo/BlueforgeProjects/기업정보/.npm-cache/_logs/2026-03-24T01_31_18_579Z-debug-0.log
10 silly logfile done cleaning log files
11 verbose stack Error: Missing script: "build"
11 verbose stack
11 verbose stack To see a list of scripts, run:
11 verbose stack   npm run
11 verbose stack     at #run (/Users/sangjaeseo/.nvm/versions/node/v20.19.6/lib/node_modules/npm/lib/commands/run-script.js:110:13)
11 verbose stack     at async RunScript.exec (/Users/sangjaeseo/.nvm/versions/node/v20.19.6/lib/node_modules/npm/lib/commands/run-script.js:39:7)
11 verbose stack     at async Npm.exec (/Users/sangjaeseo/.nvm/versions/node/v20.19.6/lib/node_modules/npm/lib/npm.js:207:9)
11 verbose stack     at async module.exports (/Users/sangjaeseo/.nvm/versions/node/v20.19.6/lib/node_modules/npm/lib/cli/entry.js:74:5)
12 error Missing script: "build"
12 error
12 error To see a list of scripts, run:
12 error   npm run
13 verbose cwd /Users/sangjaeseo/BlueforgeProjects/기업정보
14 verbose os Darwin 25.3.0
15 verbose node v20.19.6
16 verbose npm  v10.8.2
17 verbose exit 1
18 verbose code 1
19 error A complete log of this run can be found in: /Users/sangjaeseo/BlueforgeProjects/기업정보/.npm-cache/_logs/2026-03-24T01_31_18_579Z-debug-0.log
